{"error":{},"level":"error","message":"Async task failed: 1","timestamp":"2024-11-03T23:18:06.494Z"}
{"error":{},"level":"error","message":"Async task failed: 2","timestamp":"2024-11-04T02:27:36.103Z"}
{"error":{},"level":"error","message":"Async task failed: 3","timestamp":"2024-11-04T02:36:02.235Z"}
{"error":{},"level":"error","message":"Async task failed: 4","timestamp":"2024-11-04T02:38:39.713Z"}
{"level":"info","message":"Task added to BullMQ queue with ID: 1","timestamp":"2024-11-04T03:22:21.176Z"}
{"error":{},"level":"error","message":"Task failed: 1","timestamp":"2024-11-04T03:22:21.191Z"}
{"level":"error","message":"Failed to create task: Failed to insert task in Supabase: Could not find the 'userId' column of 'tasks' in the schema cache","timestamp":"2024-11-04T03:22:21.203Z"}
{"level":"error","message":"Failed job 1  on queue task-queue","timestamp":"2024-11-04T03:22:21.200Z"}
{"level":"info","message":"Task added to BullMQ queue with ID: 2","timestamp":"2024-11-04T03:25:47.002Z"}
{"level":"error","message":"Failed to create task: Failed to insert task in Supabase: Could not find the 'userId' column of 'tasks' in the schema cache","timestamp":"2024-11-04T03:25:47.021Z"}
{"error":{},"level":"error","message":"Task failed: 2","timestamp":"2024-11-04T03:25:47.042Z"}
{"level":"info","message":"Task added to BullMQ queue with ID: 3","timestamp":"2024-11-04T03:27:18.650Z"}
{"level":"error","message":"Failed to create task: Failed to insert task in Supabase: Could not find the 'userId' column of 'tasks' in the schema cache","timestamp":"2024-11-04T03:27:18.674Z"}
{"level":"info","message":"Processing sendMessage task for task ID: 3","timestamp":"2024-11-04T03:27:18.696Z"}
{"level":"info","message":"Task completed: 3","timestamp":"2024-11-04T03:27:18.718Z"}
{"level":"info","message":"Task added to BullMQ queue with ID: 4","timestamp":"2024-11-04T03:28:24.383Z"}
{"level":"info","message":"Task created in Supabase with ID: 1","timestamp":"2024-11-04T03:28:24.437Z"}
{"level":"info","message":"Processing sendMessage task for task ID: 4","timestamp":"2024-11-04T03:28:24.448Z"}
{"level":"info","message":"Task completed: 4","timestamp":"2024-11-04T03:28:24.468Z"}
{"level":"info","message":"Task added to BullMQ queue with ID: 5","timestamp":"2024-11-04T03:33:18.615Z"}
{"level":"info","message":"Processing sendMessage task for task ID: 5","timestamp":"2024-11-04T03:33:18.652Z"}
{"level":"info","message":"Task created in Supabase with ID: 2","timestamp":"2024-11-04T03:33:18.660Z"}
{"level":"info","message":"Task completed: 5","timestamp":"2024-11-04T03:33:18.670Z"}
{"level":"info","message":"Completed job 5 sendMessage on queue task-queue","timestamp":"2024-11-04T03:33:18.674Z"}
{"level":"info","message":"Task added to BullMQ queue with ID: 6","timestamp":"2024-11-04T03:35:39.847Z"}
{"error":{},"level":"error","message":"Task failed: 6","timestamp":"2024-11-04T03:35:39.852Z"}
{"level":"error","message":"Failed job 6 sendMessage on queue task-queue","timestamp":"2024-11-04T03:35:39.860Z"}
{"level":"info","message":"Task created in Supabase with ID: 3","timestamp":"2024-11-04T03:35:39.877Z"}
{"level":"info","message":"Task added to BullMQ queue with ID: 7","timestamp":"2024-11-04T03:38:45.446Z"}
{"error":{},"level":"error","message":"Task failed: 7","timestamp":"2024-11-04T03:38:45.448Z"}
{"level":"error","message":"Failed job 7 sendMessage on queue task-queue","timestamp":"2024-11-04T03:38:45.452Z"}
{"level":"info","message":"Task created in Supabase with ID: 4","timestamp":"2024-11-04T03:38:45.479Z"}
{"level":"info","message":"Task added to BullMQ queue with ID: 8","timestamp":"2024-11-04T03:40:54.228Z"}
{"level":"info","message":"Processing sendMessage task for task ID: 8","timestamp":"2024-11-04T03:40:54.255Z"}
{"level":"info","message":"Task created in Supabase with ID: 5","timestamp":"2024-11-04T03:40:54.272Z"}
{"level":"info","message":"Task completed: 8","timestamp":"2024-11-04T03:40:54.280Z"}
{"level":"info","message":"Task added to BullMQ queue with ID: 9","timestamp":"2024-11-04T05:34:56.453Z"}
{"error":{},"level":"error","message":"Task failed: 9","timestamp":"2024-11-04T05:34:56.461Z"}
{"level":"error","message":"Failed job 9 sendMessage on queue task-queue","timestamp":"2024-11-04T05:34:56.473Z"}
{"level":"info","message":"Task created in Supabase with ID: 6","timestamp":"2024-11-04T05:34:56.475Z"}
{"level":"info","message":"Task added to BullMQ queue with ID: 10","timestamp":"2024-11-04T05:37:01.800Z"}
{"level":"info","message":"Task created in Supabase with ID: 7","timestamp":"2024-11-04T05:37:01.831Z"}
{"level":"info","message":"Processing sendMessage task for task ID: 10","timestamp":"2024-11-04T05:37:01.843Z"}
{"level":"info","message":"Task completed: 10","timestamp":"2024-11-04T05:37:01.852Z"}
{"level":"info","message":"Completed job 10 sendMessage on queue task-queue","timestamp":"2024-11-04T05:37:01.855Z"}
{"level":"info","message":"Task added to BullMQ queue with ID: 11","timestamp":"2024-11-04T05:37:06.865Z"}
{"level":"info","message":"Task created in Supabase with ID: 8","timestamp":"2024-11-04T05:37:06.874Z"}
{"level":"info","message":"Processing sendMessage task for task ID: 11","timestamp":"2024-11-04T05:37:06.879Z"}
{"level":"info","message":"Task completed: 11","timestamp":"2024-11-04T05:37:06.890Z"}
{"level":"info","message":"Completed job 11 sendMessage on queue task-queue","timestamp":"2024-11-04T05:37:06.892Z"}
{"level":"info","message":"Task added to BullMQ queue with ID: 12","timestamp":"2024-11-04T05:37:17.353Z"}
{"error":{},"level":"error","message":"Task failed: 12","timestamp":"2024-11-04T05:37:17.355Z"}
{"level":"error","message":"Failed job 12 sendMessage on queue task-queue","timestamp":"2024-11-04T05:37:17.359Z"}
{"level":"info","message":"Task created in Supabase with ID: 9","timestamp":"2024-11-04T05:37:17.365Z"}
{"level":"info","message":"Task added to BullMQ queue with ID: 13","timestamp":"2024-11-04T05:37:17.541Z"}
{"error":{},"level":"error","message":"Task failed: 13","timestamp":"2024-11-04T05:37:17.542Z"}
{"level":"error","message":"Failed job 13 sendMessage on queue task-queue","timestamp":"2024-11-04T05:37:17.546Z"}
{"level":"info","message":"Task created in Supabase with ID: 10","timestamp":"2024-11-04T05:37:17.559Z"}
{"level":"info","message":"Task added to BullMQ queue with ID: 14","timestamp":"2024-11-04T05:37:17.688Z"}
{"level":"info","message":"Processing sendMessage task for task ID: 14","timestamp":"2024-11-04T05:37:17.698Z"}
{"level":"info","message":"Task completed: 14","timestamp":"2024-11-04T05:37:17.706Z"}
{"level":"info","message":"Task created in Supabase with ID: 11","timestamp":"2024-11-04T05:37:17.709Z"}
{"level":"info","message":"Completed job 14 sendMessage on queue task-queue","timestamp":"2024-11-04T05:37:17.712Z"}
{"level":"info","message":"Task added to BullMQ queue with ID: 15","timestamp":"2024-11-04T06:04:31.342Z"}
{"error":{},"level":"error","message":"Task failed: 15","timestamp":"2024-11-04T06:04:31.344Z"}
{"level":"error","message":"Failed job 15 sendMessage on queue task-queue","timestamp":"2024-11-04T06:04:31.346Z"}
{"level":"info","message":"Task created in Supabase with ID: 12","timestamp":"2024-11-04T06:04:31.373Z"}
{"level":"info","message":"Task added to BullMQ queue with ID: 16","timestamp":"2024-11-04T06:04:48.833Z"}
{"error":{},"level":"error","message":"Task failed: 16","timestamp":"2024-11-04T06:04:48.834Z"}
{"level":"error","message":"Failed job 16 sendMessage on queue task-queue","timestamp":"2024-11-04T06:04:48.837Z"}
{"level":"info","message":"Task created in Supabase with ID: 13","timestamp":"2024-11-04T06:04:48.847Z"}
{"level":"info","message":"Task added to BullMQ queue with ID: 17","timestamp":"2024-11-04T06:04:49.976Z"}
{"error":{},"level":"error","message":"Task failed: 17","timestamp":"2024-11-04T06:04:49.977Z"}
{"level":"error","message":"Failed job 17 sendMessage on queue task-queue","timestamp":"2024-11-04T06:04:49.979Z"}
{"level":"info","message":"Task created in Supabase with ID: 14","timestamp":"2024-11-04T06:04:49.987Z"}
{"level":"info","message":"Task added to BullMQ queue with ID: 18","timestamp":"2024-11-04T06:21:18.735Z"}
{"level":"info","message":"Processing sendMessage task for task ID: 18","timestamp":"2024-11-04T06:21:18.765Z"}
{"level":"info","message":"Task created in Supabase with ID: 15","timestamp":"2024-11-04T06:21:18.775Z"}
{"level":"info","message":"Task completed: 18","timestamp":"2024-11-04T06:21:18.793Z"}
{"level":"info","message":"Completed job 18 sendMessage on queue task-queue","timestamp":"2024-11-04T06:21:18.796Z"}
{"level":"info","message":"Task added to BullMQ queue with ID: 19","timestamp":"2024-11-04T06:21:26.210Z"}
{"level":"info","message":"Processing sendMessage task for task ID: 19","timestamp":"2024-11-04T06:21:26.214Z"}
{"level":"info","message":"Task completed: 19","timestamp":"2024-11-04T06:21:26.214Z"}
{"level":"info","message":"Completed job 19 sendMessage on queue task-queue","timestamp":"2024-11-04T06:21:26.217Z"}
{"level":"info","message":"Task created in Supabase with ID: 16","timestamp":"2024-11-04T06:21:26.220Z"}
{"level":"info","message":"Task added to BullMQ queue with ID: 20","timestamp":"2024-11-04T06:21:27.629Z"}
{"level":"info","message":"Task created in Supabase with ID: 17","timestamp":"2024-11-04T06:21:27.644Z"}
{"level":"info","message":"Processing sendMessage task for task ID: 20","timestamp":"2024-11-04T06:21:27.652Z"}
{"level":"info","message":"Task completed: 20","timestamp":"2024-11-04T06:21:27.660Z"}
{"level":"info","message":"Completed job 20 sendMessage on queue task-queue","timestamp":"2024-11-04T06:21:27.663Z"}
{"level":"info","message":"Task added to BullMQ queue with ID: 21","timestamp":"2024-11-04T06:21:30.243Z"}
{"level":"info","message":"Processing sendMessage task for task ID: 21","timestamp":"2024-11-04T06:21:30.245Z"}
{"level":"info","message":"Task completed: 21","timestamp":"2024-11-04T06:21:30.245Z"}
{"level":"info","message":"Completed job 21 sendMessage on queue task-queue","timestamp":"2024-11-04T06:21:30.247Z"}
{"level":"info","message":"Task created in Supabase with ID: 18","timestamp":"2024-11-04T06:21:30.250Z"}
{"level":"info","message":"Task added to BullMQ queue with ID: 22","timestamp":"2024-11-04T06:21:32.775Z"}
{"level":"info","message":"Processing sendMessage task for task ID: 22","timestamp":"2024-11-04T06:21:32.781Z"}
{"level":"info","message":"Task completed: 22","timestamp":"2024-11-04T06:21:32.782Z"}
{"level":"info","message":"Task created in Supabase with ID: 19","timestamp":"2024-11-04T06:21:32.789Z"}
{"level":"info","message":"Task added to BullMQ queue with ID: 23","timestamp":"2024-11-04T06:21:32.923Z"}
{"level":"info","message":"Processing sendMessage task for task ID: 23","timestamp":"2024-11-04T06:21:32.940Z"}
{"level":"info","message":"Task completed: 23","timestamp":"2024-11-04T06:21:32.950Z"}
{"level":"info","message":"Task created in Supabase with ID: 20","timestamp":"2024-11-04T06:21:32.954Z"}
{"level":"info","message":"Task added to BullMQ queue with ID: 24","timestamp":"2024-11-04T06:21:33.039Z"}
{"error":{},"level":"error","message":"Task failed: 24","timestamp":"2024-11-04T06:21:33.040Z"}
{"level":"error","message":"Failed job 24 sendMessage on queue task-queue","timestamp":"2024-11-04T06:21:33.045Z"}
{"level":"info","message":"Task created in Supabase with ID: 21","timestamp":"2024-11-04T06:21:33.058Z"}
{"level":"info","message":"Task added to BullMQ queue with ID: 25","timestamp":"2024-11-04T06:21:33.193Z"}
{"level":"info","message":"Processing sendMessage task for task ID: 25","timestamp":"2024-11-04T06:21:33.196Z"}
{"level":"info","message":"Task completed: 25","timestamp":"2024-11-04T06:21:33.196Z"}
{"level":"info","message":"Completed job 25 sendMessage on queue task-queue","timestamp":"2024-11-04T06:21:33.198Z"}
{"level":"info","message":"Task created in Supabase with ID: 22","timestamp":"2024-11-04T06:21:33.205Z"}
{"level":"info","message":"Task added to BullMQ queue with ID: 26","timestamp":"2024-11-04T06:21:33.303Z"}
{"level":"info","message":"Task created in Supabase with ID: 23","timestamp":"2024-11-04T06:21:33.316Z"}
{"level":"info","message":"Processing sendMessage task for task ID: 26","timestamp":"2024-11-04T06:21:33.337Z"}
{"level":"info","message":"Task completed: 26","timestamp":"2024-11-04T06:21:33.355Z"}
{"level":"info","message":"Completed job 26 sendMessage on queue task-queue","timestamp":"2024-11-04T06:21:33.357Z"}
{"level":"info","message":"Task added to BullMQ queue with ID: 27","timestamp":"2024-11-04T06:21:33.414Z"}
{"level":"info","message":"Processing sendMessage task for task ID: 27","timestamp":"2024-11-04T06:21:33.418Z"}
{"level":"info","message":"Task completed: 27","timestamp":"2024-11-04T06:21:33.419Z"}
{"level":"info","message":"Task created in Supabase with ID: 24","timestamp":"2024-11-04T06:21:33.427Z"}
{"level":"info","message":"Task added to BullMQ queue with ID: 28","timestamp":"2024-11-04T06:21:33.534Z"}
{"level":"info","message":"Processing sendMessage task for task ID: 28","timestamp":"2024-11-04T06:21:33.547Z"}
{"level":"info","message":"Task completed: 28","timestamp":"2024-11-04T06:21:33.547Z"}
{"level":"info","message":"Task created in Supabase with ID: 25","timestamp":"2024-11-04T06:21:33.553Z"}
{"level":"info","message":"Task added to BullMQ queue with ID: 29","timestamp":"2024-11-04T06:21:33.637Z"}
{"error":{},"level":"error","message":"Task failed: 29","timestamp":"2024-11-04T06:21:33.639Z"}
{"level":"error","message":"Failed job 29 sendMessage on queue task-queue","timestamp":"2024-11-04T06:21:33.641Z"}
{"level":"info","message":"Task created in Supabase with ID: 26","timestamp":"2024-11-04T06:21:33.652Z"}
{"level":"info","message":"Task added to BullMQ queue with ID: 30","timestamp":"2024-11-04T06:34:03.822Z"}
{"level":"info","message":"Processing sendMessage task for task ID: 30","timestamp":"2024-11-04T06:34:03.856Z"}
{"level":"info","message":"Task created in Supabase with ID: 27","timestamp":"2024-11-04T06:34:03.864Z"}
{"level":"info","message":"Task completed: 30","timestamp":"2024-11-04T06:34:03.872Z"}
{"level":"info","message":"Task added to BullMQ queue with ID: 31","timestamp":"2024-11-04T06:34:05.200Z"}
{"level":"info","message":"Processing sendMessage task for task ID: 31","timestamp":"2024-11-04T06:34:05.202Z"}
{"level":"info","message":"Task completed: 31","timestamp":"2024-11-04T06:34:05.202Z"}
{"level":"info","message":"Completed job 31 sendMessage on queue task-queue","timestamp":"2024-11-04T06:34:05.204Z"}
{"level":"info","message":"Task created in Supabase with ID: 28","timestamp":"2024-11-04T06:34:05.213Z"}
{"level":"info","message":"Task added to BullMQ queue with ID: 32","timestamp":"2024-11-04T06:34:06.821Z"}
{"level":"info","message":"Processing sendMessage task for task ID: 32","timestamp":"2024-11-04T06:34:06.822Z"}
{"level":"info","message":"Task completed: 32","timestamp":"2024-11-04T06:34:06.823Z"}
{"level":"info","message":"Completed job 32 sendMessage on queue task-queue","timestamp":"2024-11-04T06:34:06.824Z"}
{"level":"info","message":"Task created in Supabase with ID: 29","timestamp":"2024-11-04T06:34:06.834Z"}
{"level":"info","message":"Task added to BullMQ queue with ID: 33","timestamp":"2024-11-04T09:04:36.821Z"}
{"level":"info","message":"Processing sendMessage task for task ID: 33","timestamp":"2024-11-04T09:04:36.829Z"}
{"level":"info","message":"Task completed: 33","timestamp":"2024-11-04T09:04:36.831Z"}
{"level":"info","message":"Completed job 33 sendMessage on queue task-queue","timestamp":"2024-11-04T09:04:36.843Z"}
{"level":"info","message":"Task created in Supabase with ID: 30","timestamp":"2024-11-04T09:04:36.846Z"}
