[VERBOSE] [2024-12-07T20:53:58.665Z] ["Initializing IntentMatchingEngine"]
[INFO] [2024-12-07T20:53:58.666Z] ["Registering Workflow: Project Management Workflow"]
[VERBOSE] [2024-12-07T20:53:58.985Z] ["Semantic Vector Generated for Project Management Workflow",{"vectorDimensions":768,"triggerKeywords":["project","timeline","milestone","plan","schedule","roadmap"]}]
[INFO] [2024-12-07T20:53:58.987Z] ["Workflow Project Management Workflow Successfully Registered"]
[INFO] [2024-12-07T20:53:58.988Z] ["Registering Workflow: Technical Support Workflow"]
[VERBOSE] [2024-12-07T20:53:59.174Z] ["Semantic Vector Generated for Technical Support Workflow",{"vectorDimensions":768,"triggerKeywords":["help","problem","issue","error","fix","troubleshoot"]}]
[INFO] [2024-12-07T20:53:59.174Z] ["Workflow Technical Support Workflow Successfully Registered"]
[INFO] [2024-12-07T20:53:59.175Z] ["Finding Most Appropriate Workflow",{"userInput":"I need to create a project timeline","workflowCount":2}]
[INFO] [2024-12-07T20:53:59.175Z] ["Classifying Intent",{"userInput":"I need to create a project timeline","contextAvailable":true}]
[VERBOSE] [2024-12-07T20:53:59.362Z] ["Input Embedding Generated",{"embeddingDimensions":768}]
[VERBOSE] [2024-12-07T20:54:00.857Z] ["Intent Classification Result",{"complexityLevel":1,"primaryDomains":["Project Management"],"requiredCapabilities":["Scheduling","Task Management"],"secondaryContexts":["Project Planning","Timeline Visualization"]}]
[VERBOSE] [2024-12-07T20:54:00.858Z] ["Evaluating Workflow: Project Management Workflow"]
[VERBOSE] [2024-12-07T20:54:00.858Z] ["Calculating Semantic Similarity",{"vector1Length":768,"vector2Length":768}]
[VERBOSE] [2024-12-07T20:54:00.859Z] ["Semantic Similarity Calculation",{"dotProduct":0.6981571972250362,"magnitude1":0.9999990137399681,"magnitude2":0.9999988647768097,"similarity":0.6981586783561771}]
[VERBOSE] [2024-12-07T20:54:00.859Z] ["Workflow Scoring for Project Management Workflow",{"semanticSimilarity":0.6981586783561771,"domainMatch":0,"contextAlignment":0,"capabilityMatch":0,"keywordMatch":1,"totalScore":0.37926347134247085}]
[VERBOSE] [2024-12-07T20:54:00.859Z] ["Evaluating Workflow: Technical Support Workflow"]
[VERBOSE] [2024-12-07T20:54:00.860Z] ["Calculating Semantic Similarity",{"vector1Length":768,"vector2Length":768}]
[VERBOSE] [2024-12-07T20:54:00.860Z] ["Semantic Similarity Calculation",{"dotProduct":0.4037175922275076,"magnitude1":0.9999990137399681,"magnitude2":0.9999983966371496,"similarity":0.4037186377058914}]
[VERBOSE] [2024-12-07T20:54:00.861Z] ["Workflow Scoring for Technical Support Workflow",{"semanticSimilarity":0.4037186377058914,"domainMatch":0,"contextAlignment":0,"capabilityMatch":0,"keywordMatch":0,"totalScore":0.16148745508235657}]
[INFO] [2024-12-07T20:54:00.861Z] ["Workflow Matching Results",{"totalWorkflows":2,"qualifiedWorkflows":0,"topWorkflow":"No matching workflow"}]
[INFO] [2024-12-07T20:54:00.861Z] ["Finding Most Appropriate Workflow",{"userInput":"Can you help me with a technical issue?","workflowCount":2}]
[INFO] [2024-12-07T20:54:00.862Z] ["Classifying Intent",{"userInput":"Can you help me with a technical issue?","contextAvailable":true}]
[VERBOSE] [2024-12-07T20:54:01.046Z] ["Input Embedding Generated",{"embeddingDimensions":768}]
[VERBOSE] [2024-12-07T20:54:02.354Z] ["Intent Classification Result",{"complexityLevel":1,"primaryDomains":["Technical Support"],"requiredCapabilities":["Troubleshooting","Technical Expertise"],"secondaryContexts":["Problem Resolution"]}]
[VERBOSE] [2024-12-07T20:54:02.354Z] ["Evaluating Workflow: Project Management Workflow"]
[VERBOSE] [2024-12-07T20:54:02.354Z] ["Calculating Semantic Similarity",{"vector1Length":768,"vector2Length":768}]
[VERBOSE] [2024-12-07T20:54:02.355Z] ["Semantic Similarity Calculation",{"dotProduct":0.22981129727302949,"magnitude1":0.9999989938666716,"magnitude2":0.9999988647768097,"similarity":0.22981178938174027}]
[VERBOSE] [2024-12-07T20:54:02.355Z] ["Workflow Scoring for Project Management Workflow",{"semanticSimilarity":0.22981178938174027,"domainMatch":0,"contextAlignment":0,"capabilityMatch":0,"keywordMatch":0,"totalScore":0.09192471575269612}]
[VERBOSE] [2024-12-07T20:54:02.355Z] ["Evaluating Workflow: Technical Support Workflow"]
[VERBOSE] [2024-12-07T20:54:02.356Z] ["Calculating Semantic Similarity",{"vector1Length":768,"vector2Length":768}]
[VERBOSE] [2024-12-07T20:54:02.356Z] ["Semantic Similarity Calculation",{"dotProduct":0.6515584908681037,"magnitude1":0.9999989938666716,"magnitude2":0.9999983966371496,"similarity":0.6515601911108816}]
[VERBOSE] [2024-12-07T20:54:02.356Z] ["Workflow Scoring for Technical Support Workflow",{"semanticSimilarity":0.6515601911108816,"domainMatch":0,"contextAlignment":0,"capabilityMatch":0,"keywordMatch":1,"totalScore":0.3606240764443527}]
[INFO] [2024-12-07T20:54:02.357Z] ["Workflow Matching Results",{"totalWorkflows":2,"qualifiedWorkflows":0,"topWorkflow":"No matching workflow"}]
[INFO] [2024-12-07T20:54:02.357Z] ["Finding Most Appropriate Workflow",{"userInput":"I want to plan my software development roadmap","workflowCount":2}]
[INFO] [2024-12-07T20:54:02.358Z] ["Classifying Intent",{"userInput":"I want to plan my software development roadmap","contextAvailable":true}]
[VERBOSE] [2024-12-07T20:54:02.549Z] ["Input Embedding Generated",{"embeddingDimensions":768}]
[VERBOSE] [2024-12-07T20:54:03.929Z] ["Intent Classification Result",{"complexityLevel":3.2,"primaryDomains":["SoftwareDevelopment","ProjectManagement"],"requiredCapabilities":["RoadmapPlanning","TaskManagement","ResourceAllocation"],"secondaryContexts":["Agile","Waterfall","SDLC"]}]
[VERBOSE] [2024-12-07T20:54:03.930Z] ["Evaluating Workflow: Project Management Workflow"]
[VERBOSE] [2024-12-07T20:54:03.930Z] ["Calculating Semantic Similarity",{"vector1Length":768,"vector2Length":768}]
[VERBOSE] [2024-12-07T20:54:03.930Z] ["Semantic Similarity Calculation",{"dotProduct":0.5876217005116453,"magnitude1":0.999999218927147,"magnitude2":0.9999988647768097,"similarity":0.5876228265704218}]
[VERBOSE] [2024-12-07T20:54:03.930Z] ["Workflow Scoring for Project Management Workflow",{"semanticSimilarity":0.5876228265704218,"domainMatch":0,"contextAlignment":0,"capabilityMatch":0,"keywordMatch":1,"totalScore":0.3350491306281687}]
[VERBOSE] [2024-12-07T20:54:03.930Z] ["Evaluating Workflow: Technical Support Workflow"]
[VERBOSE] [2024-12-07T20:54:03.931Z] ["Calculating Semantic Similarity",{"vector1Length":768,"vector2Length":768}]
[VERBOSE] [2024-12-07T20:54:03.931Z] ["Semantic Similarity Calculation",{"dotProduct":0.41187147795171897,"magnitude1":0.999999218927147,"magnitude2":0.9999983966371496,"similarity":0.4118724600346021}]
[VERBOSE] [2024-12-07T20:54:03.931Z] ["Workflow Scoring for Technical Support Workflow",{"semanticSimilarity":0.4118724600346021,"domainMatch":0,"contextAlignment":0,"capabilityMatch":0,"keywordMatch":0,"totalScore":0.16474898401384086}]
[INFO] [2024-12-07T20:54:03.931Z] ["Workflow Matching Results",{"totalWorkflows":2,"qualifiedWorkflows":0,"topWorkflow":"No matching workflow"}]
[VERBOSE] [2024-12-07T21:03:46.636Z] ["Initializing IntentMatchingEngine"]
[INFO] [2024-12-07T21:03:46.637Z] ["Registering Workflow: Project Management Workflow"]
[VERBOSE] [2024-12-07T21:03:47.016Z] ["Semantic Vector Generated for Project Management Workflow",{"vectorDimensions":768,"triggerKeywords":["project","timeline","milestone","plan","schedule","roadmap"]}]
[INFO] [2024-12-07T21:03:47.018Z] ["Workflow Project Management Workflow Successfully Registered"]
[INFO] [2024-12-07T21:03:47.018Z] ["Registering Workflow: Technical Support Workflow"]
[VERBOSE] [2024-12-07T21:03:47.271Z] ["Semantic Vector Generated for Technical Support Workflow",{"vectorDimensions":768,"triggerKeywords":["help","problem","issue","error","fix","troubleshoot"]}]
[INFO] [2024-12-07T21:03:47.275Z] ["Workflow Technical Support Workflow Successfully Registered"]
[INFO] [2024-12-07T21:03:47.276Z] ["Finding Most Appropriate Workflow",{"userInput":"I need to create a project timeline","workflowCount":2}]
[INFO] [2024-12-07T21:03:47.277Z] ["Classifying Intent",{"userInput":"I need to create a project timeline","contextAvailable":true}]
[VERBOSE] [2024-12-07T21:03:47.471Z] ["Input Embedding Generated",{"embeddingDimensions":768}]
[VERBOSE] [2024-12-07T21:03:48.921Z] ["Intent Classification Result",{"complexityLevel":1,"primaryDomains":["Project Management"],"requiredCapabilities":["Scheduling","Task Management","Timeline Visualization"],"secondaryContexts":["Project Planning","Project Initiation"]}]
[VERBOSE] [2024-12-07T21:03:48.922Z] ["Evaluating Workflow: Project Management Workflow"]
[VERBOSE] [2024-12-07T21:03:48.922Z] ["Calculating Semantic Similarity",{"vector1Length":768,"vector2Length":768}]
[VERBOSE] [2024-12-07T21:03:48.923Z] ["Semantic Similarity Calculation",{"dotProduct":0.6981571972250362,"magnitude1":0.9999990137399681,"magnitude2":0.9999988647768097,"similarity":0.6981586783561771}]
[ERROR] [2024-12-07T21:03:48.928Z] ["Error in findMostAppropriateWorkflow",{}]
[INFO] [2024-12-07T21:03:48.929Z] ["Finding Most Appropriate Workflow",{"userInput":"Can you help me with a technical issue?","workflowCount":2}]
[INFO] [2024-12-07T21:03:48.929Z] ["Classifying Intent",{"userInput":"Can you help me with a technical issue?","contextAvailable":true}]
[VERBOSE] [2024-12-07T21:03:49.113Z] ["Input Embedding Generated",{"embeddingDimensions":768}]
[VERBOSE] [2024-12-07T21:03:50.430Z] ["Intent Classification Result",{"complexityLevel":1,"primaryDomains":["Technical Support"],"requiredCapabilities":["Troubleshooting","Technical Expertise"],"secondaryContexts":["Problem Resolution"]}]
[VERBOSE] [2024-12-07T21:03:50.431Z] ["Evaluating Workflow: Project Management Workflow"]
[VERBOSE] [2024-12-07T21:03:50.432Z] ["Calculating Semantic Similarity",{"vector1Length":768,"vector2Length":768}]
[VERBOSE] [2024-12-07T21:03:50.433Z] ["Semantic Similarity Calculation",{"dotProduct":0.22981129727302949,"magnitude1":0.9999989938666716,"magnitude2":0.9999988647768097,"similarity":0.22981178938174027}]
[ERROR] [2024-12-07T21:03:50.436Z] ["Error in findMostAppropriateWorkflow",{}]
[INFO] [2024-12-07T21:03:50.437Z] ["Finding Most Appropriate Workflow",{"userInput":"I want to plan my software development roadmap","workflowCount":2}]
[INFO] [2024-12-07T21:03:50.438Z] ["Classifying Intent",{"userInput":"I want to plan my software development roadmap","contextAvailable":true}]
[VERBOSE] [2024-12-07T21:03:50.636Z] ["Input Embedding Generated",{"embeddingDimensions":768}]
[VERBOSE] [2024-12-07T21:03:52.271Z] ["Intent Classification Result",{"complexityLevel":3.5,"primaryDomains":["Software Development","Project Management"],"requiredCapabilities":["Roadmap Planning","Task Management","Resource Allocation","Progress Tracking"],"secondaryContexts":["Agile Development","Waterfall","Scrum"]}]
[VERBOSE] [2024-12-07T21:03:52.271Z] ["Evaluating Workflow: Project Management Workflow"]
[VERBOSE] [2024-12-07T21:03:52.271Z] ["Calculating Semantic Similarity",{"vector1Length":768,"vector2Length":768}]
[VERBOSE] [2024-12-07T21:03:52.272Z] ["Semantic Similarity Calculation",{"dotProduct":0.5876217005116453,"magnitude1":0.999999218927147,"magnitude2":0.9999988647768097,"similarity":0.5876228265704218}]
[ERROR] [2024-12-07T21:03:52.272Z] ["Error in findMostAppropriateWorkflow",{}]
[VERBOSE] [2024-12-07T21:09:20.467Z] ["Initializing IntentMatchingEngine"]
[INFO] [2024-12-07T21:09:20.468Z] ["Registering Workflow: Project Management Workflow"]
[VERBOSE] [2024-12-07T21:09:20.848Z] ["Semantic Vector Generated for Project Management Workflow",{"vectorDimensions":768,"triggerKeywords":["project","timeline","milestone","plan","schedule","roadmap"]}]
[INFO] [2024-12-07T21:09:20.852Z] ["Workflow Project Management Workflow Successfully Registered"]
[INFO] [2024-12-07T21:09:20.852Z] ["Registering Workflow: Technical Support Workflow"]
[VERBOSE] [2024-12-07T21:09:21.038Z] ["Semantic Vector Generated for Technical Support Workflow",{"vectorDimensions":768,"triggerKeywords":["help","problem","issue","error","fix","troubleshoot"]}]
[INFO] [2024-12-07T21:09:21.039Z] ["Workflow Technical Support Workflow Successfully Registered"]
[INFO] [2024-12-07T21:09:21.040Z] ["Finding Most Appropriate Workflow",{"userInput":"I need to create a project timeline","workflowCount":2}]
[INFO] [2024-12-07T21:09:21.040Z] ["Classifying Intent",{"userInput":"I need to create a project timeline","contextAvailable":true}]
[VERBOSE] [2024-12-07T21:09:21.242Z] ["Input Embedding Generated",{"embeddingDimensions":768}]
[VERBOSE] [2024-12-07T21:09:22.649Z] ["Intent Classification Result",{"complexityLevel":1,"primaryDomains":["Project Management"],"requiredCapabilities":["Scheduling","Task Management","Visualization"],"secondaryContexts":["Project Planning","Timeline Creation"]}]
[VERBOSE] [2024-12-07T21:09:22.650Z] ["Evaluating Workflow: Project Management Workflow"]
[VERBOSE] [2024-12-07T21:09:22.650Z] ["Calculating Semantic Similarity",{"vector1Length":768,"vector2Length":768}]
[VERBOSE] [2024-12-07T21:09:22.651Z] ["Semantic Similarity Calculation",{"dotProduct":0.6981571972250362,"magnitude1":0.9999990137399681,"magnitude2":0.9999988647768097,"similarity":0.6981586783561771}]
[VERBOSE] [2024-12-07T21:09:22.651Z] ["Workflow Scoring for Project Management Workflow",{"semanticSimilarity":0.6981586783561771,"domainMatch":0,"contextAlignment":0,"capabilityMatch":0,"keywordMatch":1,"totalScore":0.4490793391780885}]
[VERBOSE] [2024-12-07T21:09:22.651Z] ["Workflow Matching Details",{"inputDomains":"Project Management","workflowDomains":["project","planning"],"domainSimilarity":0.5,"semanticSimilarity":0.6981586783561771,"capabilityAlignment":0}]
[VERBOSE] [2024-12-07T21:09:22.652Z] ["Evaluating Workflow: Technical Support Workflow"]
[VERBOSE] [2024-12-07T21:09:22.652Z] ["Calculating Semantic Similarity",{"vector1Length":768,"vector2Length":768}]
[VERBOSE] [2024-12-07T21:09:22.652Z] ["Semantic Similarity Calculation",{"dotProduct":0.4037175922275076,"magnitude1":0.9999990137399681,"magnitude2":0.9999983966371496,"similarity":0.4037186377058914}]
[VERBOSE] [2024-12-07T21:09:22.652Z] ["Workflow Scoring for Technical Support Workflow",{"semanticSimilarity":0.4037186377058914,"domainMatch":0,"contextAlignment":0,"capabilityMatch":0,"keywordMatch":0,"totalScore":0.2018593188529457}]
[VERBOSE] [2024-12-07T21:09:22.652Z] ["Workflow Matching Details",{"inputDomains":"Project Management","workflowDomains":["support","troubleshooting"],"domainSimilarity":0,"semanticSimilarity":0.4037186377058914,"capabilityAlignment":0}]
[INFO] [2024-12-07T21:09:22.653Z] ["Workflow Matching Results",{"totalWorkflows":2,"qualifiedWorkflows":0,"topWorkflow":"No matching workflow"}]
[VERBOSE] [2024-12-07T21:09:22.653Z] ["Calculating Semantic Similarity",{"vector1Length":768,"vector2Length":768}]
[VERBOSE] [2024-12-07T21:09:22.653Z] ["Semantic Similarity Calculation",{"dotProduct":0.4037175922275076,"magnitude1":0.9999990137399681,"magnitude2":0.9999983966371496,"similarity":0.4037186377058914}]
[VERBOSE] [2024-12-07T21:09:22.653Z] ["Calculating Semantic Similarity",{"vector1Length":768,"vector2Length":768}]
[VERBOSE] [2024-12-07T21:09:22.653Z] ["Semantic Similarity Calculation",{"dotProduct":0.6981571972250362,"magnitude1":0.9999990137399681,"magnitude2":0.9999988647768097,"similarity":0.6981586783561771}]
[INFO] [2024-12-07T21:09:22.654Z] ["Finding Most Appropriate Workflow",{"userInput":"Can you help me with a technical issue?","workflowCount":2}]
[INFO] [2024-12-07T21:09:22.654Z] ["Classifying Intent",{"userInput":"Can you help me with a technical issue?","contextAvailable":true}]
[VERBOSE] [2024-12-07T21:09:22.835Z] ["Input Embedding Generated",{"embeddingDimensions":768}]
[VERBOSE] [2024-12-07T21:09:24.036Z] ["Intent Classification Result",{"complexityLevel":1,"primaryDomains":["Technical Support"],"requiredCapabilities":["Troubleshooting","Technical Expertise"],"secondaryContexts":["Problem Solving","Issue Resolution"]}]
[VERBOSE] [2024-12-07T21:09:24.036Z] ["Evaluating Workflow: Project Management Workflow"]
[VERBOSE] [2024-12-07T21:09:24.036Z] ["Calculating Semantic Similarity",{"vector1Length":768,"vector2Length":768}]
[VERBOSE] [2024-12-07T21:09:24.037Z] ["Semantic Similarity Calculation",{"dotProduct":0.22981129727302949,"magnitude1":0.9999989938666716,"magnitude2":0.9999988647768097,"similarity":0.22981178938174027}]
[VERBOSE] [2024-12-07T21:09:24.037Z] ["Workflow Scoring for Project Management Workflow",{"semanticSimilarity":0.22981178938174027,"domainMatch":0,"contextAlignment":0,"capabilityMatch":0,"keywordMatch":0,"totalScore":0.11490589469087013}]
[VERBOSE] [2024-12-07T21:09:24.037Z] ["Workflow Matching Details",{"inputDomains":"Technical Support","workflowDomains":["project","planning"],"domainSimilarity":0,"semanticSimilarity":0.22981178938174027,"capabilityAlignment":0}]
[VERBOSE] [2024-12-07T21:09:24.037Z] ["Evaluating Workflow: Technical Support Workflow"]
[VERBOSE] [2024-12-07T21:09:24.037Z] ["Calculating Semantic Similarity",{"vector1Length":768,"vector2Length":768}]
[VERBOSE] [2024-12-07T21:09:24.038Z] ["Semantic Similarity Calculation",{"dotProduct":0.6515584908681037,"magnitude1":0.9999989938666716,"magnitude2":0.9999983966371496,"similarity":0.6515601911108816}]
[VERBOSE] [2024-12-07T21:09:24.038Z] ["Workflow Scoring for Technical Support Workflow",{"semanticSimilarity":0.6515601911108816,"domainMatch":0,"contextAlignment":0,"capabilityMatch":0,"keywordMatch":1,"totalScore":0.42578009555544083}]
[VERBOSE] [2024-12-07T21:09:24.038Z] ["Workflow Matching Details",{"inputDomains":"Technical Support","workflowDomains":["support","troubleshooting"],"domainSimilarity":0.5,"semanticSimilarity":0.6515601911108816,"capabilityAlignment":0}]
[INFO] [2024-12-07T21:09:24.038Z] ["Workflow Matching Results",{"totalWorkflows":2,"qualifiedWorkflows":0,"topWorkflow":"No matching workflow"}]
[VERBOSE] [2024-12-07T21:09:24.038Z] ["Calculating Semantic Similarity",{"vector1Length":768,"vector2Length":768}]
[VERBOSE] [2024-12-07T21:09:24.039Z] ["Semantic Similarity Calculation",{"dotProduct":0.6515584908681037,"magnitude1":0.9999989938666716,"magnitude2":0.9999983966371496,"similarity":0.6515601911108816}]
[VERBOSE] [2024-12-07T21:09:24.039Z] ["Calculating Semantic Similarity",{"vector1Length":768,"vector2Length":768}]
[VERBOSE] [2024-12-07T21:09:24.039Z] ["Semantic Similarity Calculation",{"dotProduct":0.22981129727302949,"magnitude1":0.9999989938666716,"magnitude2":0.9999988647768097,"similarity":0.22981178938174027}]
[INFO] [2024-12-07T21:09:24.039Z] ["Finding Most Appropriate Workflow",{"userInput":"I want to plan my software development roadmap","workflowCount":2}]
[INFO] [2024-12-07T21:09:24.039Z] ["Classifying Intent",{"userInput":"I want to plan my software development roadmap","contextAvailable":true}]
[VERBOSE] [2024-12-07T21:09:24.220Z] ["Input Embedding Generated",{"embeddingDimensions":768}]
[VERBOSE] [2024-12-07T21:09:25.769Z] ["Intent Classification Result",{"complexityLevel":3.2,"primaryDomains":["SoftwareDevelopment","ProjectManagement"],"requiredCapabilities":["RoadmapPlanning","TaskManagement","ResourceAllocation"],"secondaryContexts":["Agile","Waterfall","SDLC"]}]
[VERBOSE] [2024-12-07T21:09:25.769Z] ["Evaluating Workflow: Project Management Workflow"]
[VERBOSE] [2024-12-07T21:09:25.769Z] ["Calculating Semantic Similarity",{"vector1Length":768,"vector2Length":768}]
[VERBOSE] [2024-12-07T21:09:25.769Z] ["Semantic Similarity Calculation",{"dotProduct":0.5876217005116453,"magnitude1":0.999999218927147,"magnitude2":0.9999988647768097,"similarity":0.5876228265704218}]
[VERBOSE] [2024-12-07T21:09:25.769Z] ["Workflow Scoring for Project Management Workflow",{"semanticSimilarity":0.5876228265704218,"domainMatch":0,"contextAlignment":0,"capabilityMatch":0,"keywordMatch":1,"totalScore":0.2938114132852109}]
[VERBOSE] [2024-12-07T21:09:25.770Z] ["Workflow Matching Details",{"inputDomains":"SoftwareDevelopment","workflowDomains":["project","planning"],"domainSimilarity":0,"semanticSimilarity":0.5876228265704218,"capabilityAlignment":0}]
[VERBOSE] [2024-12-07T21:09:25.770Z] ["Evaluating Workflow: Technical Support Workflow"]
[VERBOSE] [2024-12-07T21:09:25.770Z] ["Calculating Semantic Similarity",{"vector1Length":768,"vector2Length":768}]
[VERBOSE] [2024-12-07T21:09:25.770Z] ["Semantic Similarity Calculation",{"dotProduct":0.41187147795171897,"magnitude1":0.999999218927147,"magnitude2":0.9999983966371496,"similarity":0.4118724600346021}]
[VERBOSE] [2024-12-07T21:09:25.770Z] ["Workflow Scoring for Technical Support Workflow",{"semanticSimilarity":0.4118724600346021,"domainMatch":0,"contextAlignment":0,"capabilityMatch":0,"keywordMatch":0,"totalScore":0.20593623001730105}]
[VERBOSE] [2024-12-07T21:09:25.771Z] ["Workflow Matching Details",{"inputDomains":"SoftwareDevelopment","workflowDomains":["support","troubleshooting"],"domainSimilarity":0,"semanticSimilarity":0.4118724600346021,"capabilityAlignment":0}]
[INFO] [2024-12-07T21:09:25.771Z] ["Workflow Matching Results",{"totalWorkflows":2,"qualifiedWorkflows":0,"topWorkflow":"No matching workflow"}]
[VERBOSE] [2024-12-07T21:09:25.771Z] ["Calculating Semantic Similarity",{"vector1Length":768,"vector2Length":768}]
[VERBOSE] [2024-12-07T21:09:25.771Z] ["Semantic Similarity Calculation",{"dotProduct":0.41187147795171897,"magnitude1":0.999999218927147,"magnitude2":0.9999983966371496,"similarity":0.4118724600346021}]
[VERBOSE] [2024-12-07T21:09:25.771Z] ["Calculating Semantic Similarity",{"vector1Length":768,"vector2Length":768}]
[VERBOSE] [2024-12-07T21:09:25.771Z] ["Semantic Similarity Calculation",{"dotProduct":0.5876217005116453,"magnitude1":0.999999218927147,"magnitude2":0.9999988647768097,"similarity":0.5876228265704218}]
